Determining if the Q_WS_WIN exist failed with the following output:
Change Dir: /home/sl1pkn07/aplicaciones/phonon-mplayer-git/src/phonon-mplayer/CMakeFiles/CMakeTmp

Run Build Command:/usr/bin/make "cmTryCompileExec1753551055/fast"
/usr/bin/make -f CMakeFiles/cmTryCompileExec1753551055.dir/build.make CMakeFiles/cmTryCompileExec1753551055.dir/build
make[1]: Entering directory '/home/sl1pkn07/aplicaciones/phonon-mplayer-git/src/phonon-mplayer/CMakeFiles/CMakeTmp'
/usr/bin/cmake -E cmake_progress_report /home/sl1pkn07/aplicaciones/phonon-mplayer-git/src/phonon-mplayer/CMakeFiles/CMakeTmp/CMakeFiles 1
Building CXX object CMakeFiles/cmTryCompileExec1753551055.dir/CheckSymbolExists.cxx.o
/usr/bin/c++    -march=x86-64 -mtune=native -O2 -pipe -fstack-protector --param=ssp-buffer-size=4 -fPIC   -I/usr/include/qt4    -o CMakeFiles/cmTryCompileExec1753551055.dir/CheckSymbolExists.cxx.o -c /home/sl1pkn07/aplicaciones/phonon-mplayer-git/src/phonon-mplayer/CMakeFiles/CMakeTmp/CheckSymbolExists.cxx
/home/sl1pkn07/aplicaciones/phonon-mplayer-git/src/phonon-mplayer/CMakeFiles/CMakeTmp/CheckSymbolExists.cxx: En la función ‘int main(int, char**)’:
/home/sl1pkn07/aplicaciones/phonon-mplayer-git/src/phonon-mplayer/CMakeFiles/CMakeTmp/CheckSymbolExists.cxx:8:19: error: ‘Q_WS_WIN’ no se declaró en este ámbito
   return ((int*)(&Q_WS_WIN))[argc];
                   ^
CMakeFiles/cmTryCompileExec1753551055.dir/build.make:60: recipe for target 'CMakeFiles/cmTryCompileExec1753551055.dir/CheckSymbolExists.cxx.o' failed
make[1]: *** [CMakeFiles/cmTryCompileExec1753551055.dir/CheckSymbolExists.cxx.o] Error 1
make[1]: Leaving directory '/home/sl1pkn07/aplicaciones/phonon-mplayer-git/src/phonon-mplayer/CMakeFiles/CMakeTmp'
Makefile:117: recipe for target 'cmTryCompileExec1753551055/fast' failed
make: *** [cmTryCompileExec1753551055/fast] Error 2

File /home/sl1pkn07/aplicaciones/phonon-mplayer-git/src/phonon-mplayer/CMakeFiles/CMakeTmp/CheckSymbolExists.cxx:
/* */
#include <QtCore/qglobal.h>

int main(int argc, char** argv)
{
  (void)argv;
#ifndef Q_WS_WIN
  return ((int*)(&Q_WS_WIN))[argc];
#else
  (void)argc;
  return 0;
#endif
}

Determining if the Q_WS_QWS exist failed with the following output:
Change Dir: /home/sl1pkn07/aplicaciones/phonon-mplayer-git/src/phonon-mplayer/CMakeFiles/CMakeTmp

Run Build Command:/usr/bin/make "cmTryCompileExec16583096/fast"
/usr/bin/make -f CMakeFiles/cmTryCompileExec16583096.dir/build.make CMakeFiles/cmTryCompileExec16583096.dir/build
make[1]: Entering directory '/home/sl1pkn07/aplicaciones/phonon-mplayer-git/src/phonon-mplayer/CMakeFiles/CMakeTmp'
/usr/bin/cmake -E cmake_progress_report /home/sl1pkn07/aplicaciones/phonon-mplayer-git/src/phonon-mplayer/CMakeFiles/CMakeTmp/CMakeFiles 1
Building CXX object CMakeFiles/cmTryCompileExec16583096.dir/CheckSymbolExists.cxx.o
/usr/bin/c++    -march=x86-64 -mtune=native -O2 -pipe -fstack-protector --param=ssp-buffer-size=4 -fPIC   -I/usr/include/qt4    -o CMakeFiles/cmTryCompileExec16583096.dir/CheckSymbolExists.cxx.o -c /home/sl1pkn07/aplicaciones/phonon-mplayer-git/src/phonon-mplayer/CMakeFiles/CMakeTmp/CheckSymbolExists.cxx
/home/sl1pkn07/aplicaciones/phonon-mplayer-git/src/phonon-mplayer/CMakeFiles/CMakeTmp/CheckSymbolExists.cxx: En la función ‘int main(int, char**)’:
/home/sl1pkn07/aplicaciones/phonon-mplayer-git/src/phonon-mplayer/CMakeFiles/CMakeTmp/CheckSymbolExists.cxx:8:19: error: ‘Q_WS_QWS’ no se declaró en este ámbito
   return ((int*)(&Q_WS_QWS))[argc];
                   ^
CMakeFiles/cmTryCompileExec16583096.dir/build.make:60: recipe for target 'CMakeFiles/cmTryCompileExec16583096.dir/CheckSymbolExists.cxx.o' failed
make[1]: Leaving directory '/home/sl1pkn07/aplicaciones/phonon-mplayer-git/src/phonon-mplayer/CMakeFiles/CMakeTmp'
make[1]: *** [CMakeFiles/cmTryCompileExec16583096.dir/CheckSymbolExists.cxx.o] Error 1
Makefile:117: recipe for target 'cmTryCompileExec16583096/fast' failed
make: *** [cmTryCompileExec16583096/fast] Error 2

File /home/sl1pkn07/aplicaciones/phonon-mplayer-git/src/phonon-mplayer/CMakeFiles/CMakeTmp/CheckSymbolExists.cxx:
/* */
#include <QtCore/qglobal.h>

int main(int argc, char** argv)
{
  (void)argv;
#ifndef Q_WS_QWS
  return ((int*)(&Q_WS_QWS))[argc];
#else
  (void)argc;
  return 0;
#endif
}

Determining if the Q_WS_MAC exist failed with the following output:
Change Dir: /home/sl1pkn07/aplicaciones/phonon-mplayer-git/src/phonon-mplayer/CMakeFiles/CMakeTmp

Run Build Command:/usr/bin/make "cmTryCompileExec2235699242/fast"
/usr/bin/make -f CMakeFiles/cmTryCompileExec2235699242.dir/build.make CMakeFiles/cmTryCompileExec2235699242.dir/build
make[1]: Entering directory '/home/sl1pkn07/aplicaciones/phonon-mplayer-git/src/phonon-mplayer/CMakeFiles/CMakeTmp'
/usr/bin/cmake -E cmake_progress_report /home/sl1pkn07/aplicaciones/phonon-mplayer-git/src/phonon-mplayer/CMakeFiles/CMakeTmp/CMakeFiles 1
Building CXX object CMakeFiles/cmTryCompileExec2235699242.dir/CheckSymbolExists.cxx.o
/usr/bin/c++    -march=x86-64 -mtune=native -O2 -pipe -fstack-protector --param=ssp-buffer-size=4 -fPIC   -I/usr/include/qt4    -o CMakeFiles/cmTryCompileExec2235699242.dir/CheckSymbolExists.cxx.o -c /home/sl1pkn07/aplicaciones/phonon-mplayer-git/src/phonon-mplayer/CMakeFiles/CMakeTmp/CheckSymbolExists.cxx
/home/sl1pkn07/aplicaciones/phonon-mplayer-git/src/phonon-mplayer/CMakeFiles/CMakeTmp/CheckSymbolExists.cxx: En la función ‘int main(int, char**)’:
/home/sl1pkn07/aplicaciones/phonon-mplayer-git/src/phonon-mplayer/CMakeFiles/CMakeTmp/CheckSymbolExists.cxx:8:19: error: ‘Q_WS_MAC’ no se declaró en este ámbito
   return ((int*)(&Q_WS_MAC))[argc];
                   ^
CMakeFiles/cmTryCompileExec2235699242.dir/build.make:60: recipe for target 'CMakeFiles/cmTryCompileExec2235699242.dir/CheckSymbolExists.cxx.o' failed
make[1]: Leaving directory '/home/sl1pkn07/aplicaciones/phonon-mplayer-git/src/phonon-mplayer/CMakeFiles/CMakeTmp'
make[1]: *** [CMakeFiles/cmTryCompileExec2235699242.dir/CheckSymbolExists.cxx.o] Error 1
Makefile:117: recipe for target 'cmTryCompileExec2235699242/fast' failed
make: *** [cmTryCompileExec2235699242/fast] Error 2

File /home/sl1pkn07/aplicaciones/phonon-mplayer-git/src/phonon-mplayer/CMakeFiles/CMakeTmp/CheckSymbolExists.cxx:
/* */
#include <QtCore/qglobal.h>

int main(int argc, char** argv)
{
  (void)argv;
#ifndef Q_WS_MAC
  return ((int*)(&Q_WS_MAC))[argc];
#else
  (void)argc;
  return 0;
#endif
}

