The system is: Linux - 3.12.6-1-ARCH - x86_64
Compiling the C compiler identification source file "CMakeCCompilerId.c" succeeded.
Compiler: /usr/bin/cc 
Build flags: -march=x86-64;-mtune=native;-O2;-pipe;-fstack-protector;--param=ssp-buffer-size=4
Id flags: 

The output was:
0


Compilation of the C compiler identification source "CMakeCCompilerId.c" produced "a.out"

The C compiler identification is GNU, found in "/home/sl1pkn07/aplicaciones/phonon-mplayer-git/src/phonon-mplayer/CMakeFiles/2.8.12.1/CompilerIdC/a.out"

Compiling the CXX compiler identification source file "CMakeCXXCompilerId.cpp" succeeded.
Compiler: /usr/bin/c++ 
Build flags: -march=x86-64;-mtune=native;-O2;-pipe;-fstack-protector;--param=ssp-buffer-size=4;-fPIC
Id flags: 

The output was:
0


Compilation of the CXX compiler identification source "CMakeCXXCompilerId.cpp" produced "a.out"

The CXX compiler identification is GNU, found in "/home/sl1pkn07/aplicaciones/phonon-mplayer-git/src/phonon-mplayer/CMakeFiles/2.8.12.1/CompilerIdCXX/a.out"

Determining if the C compiler works passed with the following output:
Change Dir: /home/sl1pkn07/aplicaciones/phonon-mplayer-git/src/phonon-mplayer/CMakeFiles/CMakeTmp

Run Build Command:/usr/bin/make "cmTryCompileExec3455659629/fast"
/usr/bin/make -f CMakeFiles/cmTryCompileExec3455659629.dir/build.make CMakeFiles/cmTryCompileExec3455659629.dir/build
make[1]: Entering directory '/home/sl1pkn07/aplicaciones/phonon-mplayer-git/src/phonon-mplayer/CMakeFiles/CMakeTmp'
/usr/bin/cmake -E cmake_progress_report /home/sl1pkn07/aplicaciones/phonon-mplayer-git/src/phonon-mplayer/CMakeFiles/CMakeTmp/CMakeFiles 1
Building C object CMakeFiles/cmTryCompileExec3455659629.dir/testCCompiler.c.o
/usr/bin/cc   -march=x86-64 -mtune=native -O2 -pipe -fstack-protector --param=ssp-buffer-size=4     -o CMakeFiles/cmTryCompileExec3455659629.dir/testCCompiler.c.o   -c /home/sl1pkn07/aplicaciones/phonon-mplayer-git/src/phonon-mplayer/CMakeFiles/CMakeTmp/testCCompiler.c
Linking C executable cmTryCompileExec3455659629
/usr/bin/cmake -E cmake_link_script CMakeFiles/cmTryCompileExec3455659629.dir/link.txt --verbose=1
/usr/bin/cc  -march=x86-64 -mtune=native -O2 -pipe -fstack-protector --param=ssp-buffer-size=4     -Wl,-O1,--sort-common,--as-needed,-z,relro CMakeFiles/cmTryCompileExec3455659629.dir/testCCompiler.c.o  -o cmTryCompileExec3455659629 -rdynamic 
make[1]: Leaving directory '/home/sl1pkn07/aplicaciones/phonon-mplayer-git/src/phonon-mplayer/CMakeFiles/CMakeTmp'


Detecting C compiler ABI info compiled with the following output:
Change Dir: /home/sl1pkn07/aplicaciones/phonon-mplayer-git/src/phonon-mplayer/CMakeFiles/CMakeTmp

Run Build Command:/usr/bin/make "cmTryCompileExec948177648/fast"
/usr/bin/make -f CMakeFiles/cmTryCompileExec948177648.dir/build.make CMakeFiles/cmTryCompileExec948177648.dir/build
make[1]: Entering directory '/home/sl1pkn07/aplicaciones/phonon-mplayer-git/src/phonon-mplayer/CMakeFiles/CMakeTmp'
/usr/bin/cmake -E cmake_progress_report /home/sl1pkn07/aplicaciones/phonon-mplayer-git/src/phonon-mplayer/CMakeFiles/CMakeTmp/CMakeFiles 1
Building C object CMakeFiles/cmTryCompileExec948177648.dir/CMakeCCompilerABI.c.o
/usr/bin/cc   -march=x86-64 -mtune=native -O2 -pipe -fstack-protector --param=ssp-buffer-size=4     -o CMakeFiles/cmTryCompileExec948177648.dir/CMakeCCompilerABI.c.o   -c /usr/share/cmake-2.8/Modules/CMakeCCompilerABI.c
Linking C executable cmTryCompileExec948177648
/usr/bin/cmake -E cmake_link_script CMakeFiles/cmTryCompileExec948177648.dir/link.txt --verbose=1
/usr/bin/cc  -march=x86-64 -mtune=native -O2 -pipe -fstack-protector --param=ssp-buffer-size=4    -v CMakeFiles/cmTryCompileExec948177648.dir/CMakeCCompilerABI.c.o  -o cmTryCompileExec948177648 -rdynamic  
Usando especificaciones internas.
COLLECT_GCC=/usr/bin/cc
COLLECT_LTO_WRAPPER=/usr/lib/gcc/x86_64-unknown-linux-gnu/4.8.2/lto-wrapper
Objetivo: x86_64-unknown-linux-gnu
Configurado con: /build/gcc-multilib/src/gcc-4.8-20131219/configure --prefix=/usr --libdir=/usr/lib --libexecdir=/usr/lib --mandir=/usr/share/man --infodir=/usr/share/info --with-bugurl=https://bugs.archlinux.org/ --enable-languages=c,c++,ada,fortran,go,lto,objc,obj-c++ --enable-shared --enable-threads=posix --with-system-zlib --enable-__cxa_atexit --disable-libunwind-exceptions --enable-clocale=gnu --disable-libstdcxx-pch --disable-libssp --enable-gnu-unique-object --enable-linker-build-id --enable-cloog-backend=isl --disable-cloog-version-check --enable-lto --enable-plugin --enable-install-libiberty --with-linker-hash-style=gnu --enable-multilib --disable-werror --enable-checking=release
Modelo de hilos: posix
gcc versi贸n 4.8.2 20131219 (prerelease) (GCC) 
COMPILER_PATH=/usr/lib/gcc/x86_64-unknown-linux-gnu/4.8.2/:/usr/lib/gcc/x86_64-unknown-linux-gnu/4.8.2/:/usr/lib/gcc/x86_64-unknown-linux-gnu/:/usr/lib/gcc/x86_64-unknown-linux-gnu/4.8.2/:/usr/lib/gcc/x86_64-unknown-linux-gnu/
LIBRARY_PATH=/usr/lib/gcc/x86_64-unknown-linux-gnu/4.8.2/:/usr/lib/gcc/x86_64-unknown-linux-gnu/4.8.2/../../../../lib/:/lib/../lib/:/usr/lib/../lib/:/usr/lib/gcc/x86_64-unknown-linux-gnu/4.8.2/../../../:/lib/:/usr/lib/
COLLECT_GCC_OPTIONS='-march=x86-64' '-mtune=native' '-O2' '-pipe' '-fstack-protector' '--param' 'ssp-buffer-size=4' '-v' '-o' 'cmTryCompileExec948177648' '-rdynamic'
 /usr/lib/gcc/x86_64-unknown-linux-gnu/4.8.2/collect2 --build-id --eh-frame-hdr --hash-style=gnu -m elf_x86_64 -export-dynamic -dynamic-linker /lib64/ld-linux-x86-64.so.2 -o cmTryCompileExec948177648 /usr/lib/gcc/x86_64-unknown-linux-gnu/4.8.2/../../../../lib/crt1.o /usr/lib/gcc/x86_64-unknown-linux-gnu/4.8.2/../../../../lib/crti.o /usr/lib/gcc/x86_64-unknown-linux-gnu/4.8.2/crtbegin.o -L/usr/lib/gcc/x86_64-unknown-linux-gnu/4.8.2 -L/usr/lib/gcc/x86_64-unknown-linux-gnu/4.8.2/../../../../lib -L/lib/../lib -L/usr/lib/../lib -L/usr/lib/gcc/x86_64-unknown-linux-gnu/4.8.2/../../.. CMakeFiles/cmTryCompileExec948177648.dir/CMakeCCompilerABI.c.o -lgcc --as-needed -lgcc_s --no-as-needed -lc -lgcc --as-needed -lgcc_s --no-as-needed /usr/lib/gcc/x86_64-unknown-linux-gnu/4.8.2/crtend.o /usr/lib/gcc/x86_64-unknown-linux-gnu/4.8.2/../../../../lib/crtn.o
make[1]: Leaving directory '/home/sl1pkn07/aplicaciones/phonon-mplayer-git/src/phonon-mplayer/CMakeFiles/CMakeTmp'


Parsed C implicit link information from above output:
  link line regex: [^( *|.*[/\])(ld|([^/\]+-)?ld|collect2)[^/\]*( |$)]
  ignore line: [Change Dir: /home/sl1pkn07/aplicaciones/phonon-mplayer-git/src/phonon-mplayer/CMakeFiles/CMakeTmp]
  ignore line: []
  ignore line: [Run Build Command:/usr/bin/make "cmTryCompileExec948177648/fast"]
  ignore line: [/usr/bin/make -f CMakeFiles/cmTryCompileExec948177648.dir/build.make CMakeFiles/cmTryCompileExec948177648.dir/build]
  ignore line: [make[1]: Entering directory '/home/sl1pkn07/aplicaciones/phonon-mplayer-git/src/phonon-mplayer/CMakeFiles/CMakeTmp']
  ignore line: [/usr/bin/cmake -E cmake_progress_report /home/sl1pkn07/aplicaciones/phonon-mplayer-git/src/phonon-mplayer/CMakeFiles/CMakeTmp/CMakeFiles 1]
  ignore line: [Building C object CMakeFiles/cmTryCompileExec948177648.dir/CMakeCCompilerABI.c.o]
  ignore line: [/usr/bin/cc   -march=x86-64 -mtune=native -O2 -pipe -fstack-protector --param=ssp-buffer-size=4     -o CMakeFiles/cmTryCompileExec948177648.dir/CMakeCCompilerABI.c.o   -c /usr/share/cmake-2.8/Modules/CMakeCCompilerABI.c]
  ignore line: [Linking C executable cmTryCompileExec948177648]
  ignore line: [/usr/bin/cmake -E cmake_link_script CMakeFiles/cmTryCompileExec948177648.dir/link.txt --verbose=1]
  ignore line: [/usr/bin/cc  -march=x86-64 -mtune=native -O2 -pipe -fstack-protector --param=ssp-buffer-size=4    -v CMakeFiles/cmTryCompileExec948177648.dir/CMakeCCompilerABI.c.o  -o cmTryCompileExec948177648 -rdynamic  ]
  ignore line: [Usando especificaciones internas.]
  ignore line: [COLLECT_GCC=/usr/bin/cc]
  ignore line: [COLLECT_LTO_WRAPPER=/usr/lib/gcc/x86_64-unknown-linux-gnu/4.8.2/lto-wrapper]
  ignore line: [Objetivo: x86_64-unknown-linux-gnu]
  ignore line: [Configurado con: /build/gcc-multilib/src/gcc-4.8-20131219/configure --prefix=/usr --libdir=/usr/lib --libexecdir=/usr/lib --mandir=/usr/share/man --infodir=/usr/share/info --with-bugurl=https://bugs.archlinux.org/ --enable-languages=c,c++,ada,fortran,go,lto,objc,obj-c++ --enable-shared --enable-threads=posix --with-system-zlib --enable-__cxa_atexit --disable-libunwind-exceptions --enable-clocale=gnu --disable-libstdcxx-pch --disable-libssp --enable-gnu-unique-object --enable-linker-build-id --enable-cloog-backend=isl --disable-cloog-version-check --enable-lto --enable-plugin --enable-install-libiberty --with-linker-hash-style=gnu --enable-multilib --disable-werror --enable-checking=release]
  ignore line: [Modelo de hilos: posix]
  ignore line: [gcc versi贸n 4.8.2 20131219 (prerelease) (GCC) ]
  ignore line: [COMPILER_PATH=/usr/lib/gcc/x86_64-unknown-linux-gnu/4.8.2/:/usr/lib/gcc/x86_64-unknown-linux-gnu/4.8.2/:/usr/lib/gcc/x86_64-unknown-linux-gnu/:/usr/lib/gcc/x86_64-unknown-linux-gnu/4.8.2/:/usr/lib/gcc/x86_64-unknown-linux-gnu/]
  ignore line: [LIBRARY_PATH=/usr/lib/gcc/x86_64-unknown-linux-gnu/4.8.2/:/usr/lib/gcc/x86_64-unknown-linux-gnu/4.8.2/../../../../lib/:/lib/../lib/:/usr/lib/../lib/:/usr/lib/gcc/x86_64-unknown-linux-gnu/4.8.2/../../../:/lib/:/usr/lib/]
  ignore line: [COLLECT_GCC_OPTIONS='-march=x86-64' '-mtune=native' '-O2' '-pipe' '-fstack-protector' '--param' 'ssp-buffer-size=4' '-v' '-o' 'cmTryCompileExec948177648' '-rdynamic']
  link line: [ /usr/lib/gcc/x86_64-unknown-linux-gnu/4.8.2/collect2 --build-id --eh-frame-hdr --hash-style=gnu -m elf_x86_64 -export-dynamic -dynamic-linker /lib64/ld-linux-x86-64.so.2 -o cmTryCompileExec948177648 /usr/lib/gcc/x86_64-unknown-linux-gnu/4.8.2/../../../../lib/crt1.o /usr/lib/gcc/x86_64-unknown-linux-gnu/4.8.2/../../../../lib/crti.o /usr/lib/gcc/x86_64-unknown-linux-gnu/4.8.2/crtbegin.o -L/usr/lib/gcc/x86_64-unknown-linux-gnu/4.8.2 -L/usr/lib/gcc/x86_64-unknown-linux-gnu/4.8.2/../../../../lib -L/lib/../lib -L/usr/lib/../lib -L/usr/lib/gcc/x86_64-unknown-linux-gnu/4.8.2/../../.. CMakeFiles/cmTryCompileExec948177648.dir/CMakeCCompilerABI.c.o -lgcc --as-needed -lgcc_s --no-as-needed -lc -lgcc --as-needed -lgcc_s --no-as-needed /usr/lib/gcc/x86_64-unknown-linux-gnu/4.8.2/crtend.o /usr/lib/gcc/x86_64-unknown-linux-gnu/4.8.2/../../../../lib/crtn.o]
    arg [/usr/lib/gcc/x86_64-unknown-linux-gnu/4.8.2/collect2] ==> ignore
    arg [--build-id] ==> ignore
    arg [--eh-frame-hdr] ==> ignore
    arg [--hash-style=gnu] ==> ignore
    arg [-m] ==> ignore
    arg [elf_x86_64] ==> ignore
    arg [-export-dynamic] ==> ignore
    arg [-dynamic-linker] ==> ignore
    arg [/lib64/ld-linux-x86-64.so.2] ==> ignore
    arg [-o] ==> ignore
    arg [cmTryCompileExec948177648] ==> ignore
    arg [/usr/lib/gcc/x86_64-unknown-linux-gnu/4.8.2/../../../../lib/crt1.o] ==> ignore
    arg [/usr/lib/gcc/x86_64-unknown-linux-gnu/4.8.2/../../../../lib/crti.o] ==> ignore
    arg [/usr/lib/gcc/x86_64-unknown-linux-gnu/4.8.2/crtbegin.o] ==> ignore
    arg [-L/usr/lib/gcc/x86_64-unknown-linux-gnu/4.8.2] ==> dir [/usr/lib/gcc/x86_64-unknown-linux-gnu/4.8.2]
    arg [-L/usr/lib/gcc/x86_64-unknown-linux-gnu/4.8.2/../../../../lib] ==> dir [/usr/lib/gcc/x86_64-unknown-linux-gnu/4.8.2/../../../../lib]
    arg [-L/lib/../lib] ==> dir [/lib/../lib]
    arg [-L/usr/lib/../lib] ==> dir [/usr/lib/../lib]
    arg [-L/usr/lib/gcc/x86_64-unknown-linux-gnu/4.8.2/../../..] ==> dir [/usr/lib/gcc/x86_64-unknown-linux-gnu/4.8.2/../../..]
    arg [CMakeFiles/cmTryCompileExec948177648.dir/CMakeCCompilerABI.c.o] ==> ignore
    arg [-lgcc] ==> lib [gcc]
    arg [--as-needed] ==> ignore
    arg [-lgcc_s] ==> lib [gcc_s]
    arg [--no-as-needed] ==> ignore
    arg [-lc] ==> lib [c]
    arg [-lgcc] ==> lib [gcc]
    arg [--as-needed] ==> ignore
    arg [-lgcc_s] ==> lib [gcc_s]
    arg [--no-as-needed] ==> ignore
    arg [/usr/lib/gcc/x86_64-unknown-linux-gnu/4.8.2/crtend.o] ==> ignore
    arg [/usr/lib/gcc/x86_64-unknown-linux-gnu/4.8.2/../../../../lib/crtn.o] ==> ignore
  remove lib [gcc]
  remove lib [gcc_s]
  remove lib [gcc]
  remove lib [gcc_s]
  collapse library dir [/usr/lib/gcc/x86_64-unknown-linux-gnu/4.8.2] ==> [/usr/lib/gcc/x86_64-unknown-linux-gnu/4.8.2]
  collapse library dir [/usr/lib/gcc/x86_64-unknown-linux-gnu/4.8.2/../../../../lib] ==> [/usr/lib]
  collapse library dir [/lib/../lib] ==> [/lib]
  collapse library dir [/usr/lib/../lib] ==> [/usr/lib]
  collapse library dir [/usr/lib/gcc/x86_64-unknown-linux-gnu/4.8.2/../../..] ==> [/usr/lib]
  implicit libs: [c]
  implicit dirs: [/usr/lib/gcc/x86_64-unknown-linux-gnu/4.8.2;/usr/lib;/lib]
  implicit fwks: []


Determining if the CXX compiler works passed with the following output:
Change Dir: /home/sl1pkn07/aplicaciones/phonon-mplayer-git/src/phonon-mplayer/CMakeFiles/CMakeTmp

Run Build Command:/usr/bin/make "cmTryCompileExec757361147/fast"
/usr/bin/make -f CMakeFiles/cmTryCompileExec757361147.dir/build.make CMakeFiles/cmTryCompileExec757361147.dir/build
make[1]: Entering directory '/home/sl1pkn07/aplicaciones/phonon-mplayer-git/src/phonon-mplayer/CMakeFiles/CMakeTmp'
/usr/bin/cmake -E cmake_progress_report /home/sl1pkn07/aplicaciones/phonon-mplayer-git/src/phonon-mplayer/CMakeFiles/CMakeTmp/CMakeFiles 1
Building CXX object CMakeFiles/cmTryCompileExec757361147.dir/testCXXCompiler.cxx.o
/usr/bin/c++    -march=x86-64 -mtune=native -O2 -pipe -fstack-protector --param=ssp-buffer-size=4 -fPIC     -o CMakeFiles/cmTryCompileExec757361147.dir/testCXXCompiler.cxx.o -c /home/sl1pkn07/aplicaciones/phonon-mplayer-git/src/phonon-mplayer/CMakeFiles/CMakeTmp/testCXXCompiler.cxx
Linking CXX executable cmTryCompileExec757361147
/usr/bin/cmake -E cmake_link_script CMakeFiles/cmTryCompileExec757361147.dir/link.txt --verbose=1
/usr/bin/c++   -march=x86-64 -mtune=native -O2 -pipe -fstack-protector --param=ssp-buffer-size=4 -fPIC     -Wl,-O1,--sort-common,--as-needed,-z,relro CMakeFiles/cmTryCompileExec757361147.dir/testCXXCompiler.cxx.o  -o cmTryCompileExec757361147 -rdynamic 
make[1]: Leaving directory '/home/sl1pkn07/aplicaciones/phonon-mplayer-git/src/phonon-mplayer/CMakeFiles/CMakeTmp'


Detecting CXX compiler ABI info compiled with the following output:
Change Dir: /home/sl1pkn07/aplicaciones/phonon-mplayer-git/src/phonon-mplayer/CMakeFiles/CMakeTmp

Run Build Command:/usr/bin/make "cmTryCompileExec1333499732/fast"
/usr/bin/make -f CMakeFiles/cmTryCompileExec1333499732.dir/build.make CMakeFiles/cmTryCompileExec1333499732.dir/build
make[1]: Entering directory '/home/sl1pkn07/aplicaciones/phonon-mplayer-git/src/phonon-mplayer/CMakeFiles/CMakeTmp'
/usr/bin/cmake -E cmake_progress_report /home/sl1pkn07/aplicaciones/phonon-mplayer-git/src/phonon-mplayer/CMakeFiles/CMakeTmp/CMakeFiles 1
Building CXX object CMakeFiles/cmTryCompileExec1333499732.dir/CMakeCXXCompilerABI.cpp.o
/usr/bin/c++    -march=x86-64 -mtune=native -O2 -pipe -fstack-protector --param=ssp-buffer-size=4 -fPIC     -o CMakeFiles/cmTryCompileExec1333499732.dir/CMakeCXXCompilerABI.cpp.o -c /usr/share/cmake-2.8/Modules/CMakeCXXCompilerABI.cpp
Linking CXX executable cmTryCompileExec1333499732
/usr/bin/cmake -E cmake_link_script CMakeFiles/cmTryCompileExec1333499732.dir/link.txt --verbose=1
/usr/bin/c++   -march=x86-64 -mtune=native -O2 -pipe -fstack-protector --param=ssp-buffer-size=4 -fPIC    -v CMakeFiles/cmTryCompileExec1333499732.dir/CMakeCXXCompilerABI.cpp.o  -o cmTryCompileExec1333499732 -rdynamic  
Usando especificaciones internas.
COLLECT_GCC=/usr/bin/c++
COLLECT_LTO_WRAPPER=/usr/lib/gcc/x86_64-unknown-linux-gnu/4.8.2/lto-wrapper
Objetivo: x86_64-unknown-linux-gnu
Configurado con: /build/gcc-multilib/src/gcc-4.8-20131219/configure --prefix=/usr --libdir=/usr/lib --libexecdir=/usr/lib --mandir=/usr/share/man --infodir=/usr/share/info --with-bugurl=https://bugs.archlinux.org/ --enable-languages=c,c++,ada,fortran,go,lto,objc,obj-c++ --enable-shared --enable-threads=posix --with-system-zlib --enable-__cxa_atexit --disable-libunwind-exceptions --enable-clocale=gnu --disable-libstdcxx-pch --disable-libssp --enable-gnu-unique-object --enable-linker-build-id --enable-cloog-backend=isl --disable-cloog-version-check --enable-lto --enable-plugin --enable-install-libiberty --with-linker-hash-style=gnu --enable-multilib --disable-werror --enable-checking=release
Modelo de hilos: posix
gcc versi贸n 4.8.2 20131219 (prerelease) (GCC) 
COMPILER_PATH=/usr/lib/gcc/x86_64-unknown-linux-gnu/4.8.2/:/usr/lib/gcc/x86_64-unknown-linux-gnu/4.8.2/:/usr/lib/gcc/x86_64-unknown-linux-gnu/:/usr/lib/gcc/x86_64-unknown-linux-gnu/4.8.2/:/usr/lib/gcc/x86_64-unknown-linux-gnu/
LIBRARY_PATH=/usr/lib/gcc/x86_64-unknown-linux-gnu/4.8.2/:/usr/lib/gcc/x86_64-unknown-linux-gnu/4.8.2/../../../../lib/:/lib/../lib/:/usr/lib/../lib/:/usr/lib/gcc/x86_64-unknown-linux-gnu/4.8.2/../../../:/lib/:/usr/lib/
COLLECT_GCC_OPTIONS='-march=x86-64' '-mtune=native' '-O2' '-pipe' '-fstack-protector' '--param' 'ssp-buffer-size=4' '-fPIC' '-v' '-o' 'cmTryCompileExec1333499732' '-rdynamic' '-shared-libgcc'
 /usr/lib/gcc/x86_64-unknown-linux-gnu/4.8.2/collect2 --build-id --eh-frame-hdr --hash-style=gnu -m elf_x86_64 -export-dynamic -dynamic-linker /lib64/ld-linux-x86-64.so.2 -o cmTryCompileExec1333499732 /usr/lib/gcc/x86_64-unknown-linux-gnu/4.8.2/../../../../lib/crt1.o /usr/lib/gcc/x86_64-unknown-linux-gnu/4.8.2/../../../../lib/crti.o /usr/lib/gcc/x86_64-unknown-linux-gnu/4.8.2/crtbegin.o -L/usr/lib/gcc/x86_64-unknown-linux-gnu/4.8.2 -L/usr/lib/gcc/x86_64-unknown-linux-gnu/4.8.2/../../../../lib -L/lib/../lib -L/usr/lib/../lib -L/usr/lib/gcc/x86_64-unknown-linux-gnu/4.8.2/../../.. CMakeFiles/cmTryCompileExec1333499732.dir/CMakeCXXCompilerABI.cpp.o -lstdc++ -lm -lgcc_s -lgcc -lc -lgcc_s -lgcc /usr/lib/gcc/x86_64-unknown-linux-gnu/4.8.2/crtend.o /usr/lib/gcc/x86_64-unknown-linux-gnu/4.8.2/../../../../lib/crtn.o
make[1]: Leaving directory '/home/sl1pkn07/aplicaciones/phonon-mplayer-git/src/phonon-mplayer/CMakeFiles/CMakeTmp'


Parsed CXX implicit link information from above output:
  link line regex: [^( *|.*[/\])(ld|([^/\]+-)?ld|collect2)[^/\]*( |$)]
  ignore line: [Change Dir: /home/sl1pkn07/aplicaciones/phonon-mplayer-git/src/phonon-mplayer/CMakeFiles/CMakeTmp]
  ignore line: []
  ignore line: [Run Build Command:/usr/bin/make "cmTryCompileExec1333499732/fast"]
  ignore line: [/usr/bin/make -f CMakeFiles/cmTryCompileExec1333499732.dir/build.make CMakeFiles/cmTryCompileExec1333499732.dir/build]
  ignore line: [make[1]: Entering directory '/home/sl1pkn07/aplicaciones/phonon-mplayer-git/src/phonon-mplayer/CMakeFiles/CMakeTmp']
  ignore line: [/usr/bin/cmake -E cmake_progress_report /home/sl1pkn07/aplicaciones/phonon-mplayer-git/src/phonon-mplayer/CMakeFiles/CMakeTmp/CMakeFiles 1]
  ignore line: [Building CXX object CMakeFiles/cmTryCompileExec1333499732.dir/CMakeCXXCompilerABI.cpp.o]
  ignore line: [/usr/bin/c++    -march=x86-64 -mtune=native -O2 -pipe -fstack-protector --param=ssp-buffer-size=4 -fPIC     -o CMakeFiles/cmTryCompileExec1333499732.dir/CMakeCXXCompilerABI.cpp.o -c /usr/share/cmake-2.8/Modules/CMakeCXXCompilerABI.cpp]
  ignore line: [Linking CXX executable cmTryCompileExec1333499732]
  ignore line: [/usr/bin/cmake -E cmake_link_script CMakeFiles/cmTryCompileExec1333499732.dir/link.txt --verbose=1]
  ignore line: [/usr/bin/c++   -march=x86-64 -mtune=native -O2 -pipe -fstack-protector --param=ssp-buffer-size=4 -fPIC    -v CMakeFiles/cmTryCompileExec1333499732.dir/CMakeCXXCompilerABI.cpp.o  -o cmTryCompileExec1333499732 -rdynamic  ]
  ignore line: [Usando especificaciones internas.]
  ignore line: [COLLECT_GCC=/usr/bin/c++]
  ignore line: [COLLECT_LTO_WRAPPER=/usr/lib/gcc/x86_64-unknown-linux-gnu/4.8.2/lto-wrapper]
  ignore line: [Objetivo: x86_64-unknown-linux-gnu]
  ignore line: [Configurado con: /build/gcc-multilib/src/gcc-4.8-20131219/configure --prefix=/usr --libdir=/usr/lib --libexecdir=/usr/lib --mandir=/usr/share/man --infodir=/usr/share/info --with-bugurl=https://bugs.archlinux.org/ --enable-languages=c,c++,ada,fortran,go,lto,objc,obj-c++ --enable-shared --enable-threads=posix --with-system-zlib --enable-__cxa_atexit --disable-libunwind-exceptions --enable-clocale=gnu --disable-libstdcxx-pch --disable-libssp --enable-gnu-unique-object --enable-linker-build-id --enable-cloog-backend=isl --disable-cloog-version-check --enable-lto --enable-plugin --enable-install-libiberty --with-linker-hash-style=gnu --enable-multilib --disable-werror --enable-checking=release]
  ignore line: [Modelo de hilos: posix]
  ignore line: [gcc versi贸n 4.8.2 20131219 (prerelease) (GCC) ]
  ignore line: [COMPILER_PATH=/usr/lib/gcc/x86_64-unknown-linux-gnu/4.8.2/:/usr/lib/gcc/x86_64-unknown-linux-gnu/4.8.2/:/usr/lib/gcc/x86_64-unknown-linux-gnu/:/usr/lib/gcc/x86_64-unknown-linux-gnu/4.8.2/:/usr/lib/gcc/x86_64-unknown-linux-gnu/]
  ignore line: [LIBRARY_PATH=/usr/lib/gcc/x86_64-unknown-linux-gnu/4.8.2/:/usr/lib/gcc/x86_64-unknown-linux-gnu/4.8.2/../../../../lib/:/lib/../lib/:/usr/lib/../lib/:/usr/lib/gcc/x86_64-unknown-linux-gnu/4.8.2/../../../:/lib/:/usr/lib/]
  ignore line: [COLLECT_GCC_OPTIONS='-march=x86-64' '-mtune=native' '-O2' '-pipe' '-fstack-protector' '--param' 'ssp-buffer-size=4' '-fPIC' '-v' '-o' 'cmTryCompileExec1333499732' '-rdynamic' '-shared-libgcc']
  link line: [ /usr/lib/gcc/x86_64-unknown-linux-gnu/4.8.2/collect2 --build-id --eh-frame-hdr --hash-style=gnu -m elf_x86_64 -export-dynamic -dynamic-linker /lib64/ld-linux-x86-64.so.2 -o cmTryCompileExec1333499732 /usr/lib/gcc/x86_64-unknown-linux-gnu/4.8.2/../../../../lib/crt1.o /usr/lib/gcc/x86_64-unknown-linux-gnu/4.8.2/../../../../lib/crti.o /usr/lib/gcc/x86_64-unknown-linux-gnu/4.8.2/crtbegin.o -L/usr/lib/gcc/x86_64-unknown-linux-gnu/4.8.2 -L/usr/lib/gcc/x86_64-unknown-linux-gnu/4.8.2/../../../../lib -L/lib/../lib -L/usr/lib/../lib -L/usr/lib/gcc/x86_64-unknown-linux-gnu/4.8.2/../../.. CMakeFiles/cmTryCompileExec1333499732.dir/CMakeCXXCompilerABI.cpp.o -lstdc++ -lm -lgcc_s -lgcc -lc -lgcc_s -lgcc /usr/lib/gcc/x86_64-unknown-linux-gnu/4.8.2/crtend.o /usr/lib/gcc/x86_64-unknown-linux-gnu/4.8.2/../../../../lib/crtn.o]
    arg [/usr/lib/gcc/x86_64-unknown-linux-gnu/4.8.2/collect2] ==> ignore
    arg [--build-id] ==> ignore
    arg [--eh-frame-hdr] ==> ignore
    arg [--hash-style=gnu] ==> ignore
    arg [-m] ==> ignore
    arg [elf_x86_64] ==> ignore
    arg [-export-dynamic] ==> ignore
    arg [-dynamic-linker] ==> ignore
    arg [/lib64/ld-linux-x86-64.so.2] ==> ignore
    arg [-o] ==> ignore
    arg [cmTryCompileExec1333499732] ==> ignore
    arg [/usr/lib/gcc/x86_64-unknown-linux-gnu/4.8.2/../../../../lib/crt1.o] ==> ignore
    arg [/usr/lib/gcc/x86_64-unknown-linux-gnu/4.8.2/../../../../lib/crti.o] ==> ignore
    arg [/usr/lib/gcc/x86_64-unknown-linux-gnu/4.8.2/crtbegin.o] ==> ignore
    arg [-L/usr/lib/gcc/x86_64-unknown-linux-gnu/4.8.2] ==> dir [/usr/lib/gcc/x86_64-unknown-linux-gnu/4.8.2]
    arg [-L/usr/lib/gcc/x86_64-unknown-linux-gnu/4.8.2/../../../../lib] ==> dir [/usr/lib/gcc/x86_64-unknown-linux-gnu/4.8.2/../../../../lib]
    arg [-L/lib/../lib] ==> dir [/lib/../lib]
    arg [-L/usr/lib/../lib] ==> dir [/usr/lib/../lib]
    arg [-L/usr/lib/gcc/x86_64-unknown-linux-gnu/4.8.2/../../..] ==> dir [/usr/lib/gcc/x86_64-unknown-linux-gnu/4.8.2/../../..]
    arg [CMakeFiles/cmTryCompileExec1333499732.dir/CMakeCXXCompilerABI.cpp.o] ==> ignore
    arg [-lstdc++] ==> lib [stdc++]
    arg [-lm] ==> lib [m]
    arg [-lgcc_s] ==> lib [gcc_s]
    arg [-lgcc] ==> lib [gcc]
    arg [-lc] ==> lib [c]
    arg [-lgcc_s] ==> lib [gcc_s]
    arg [-lgcc] ==> lib [gcc]
    arg [/usr/lib/gcc/x86_64-unknown-linux-gnu/4.8.2/crtend.o] ==> ignore
    arg [/usr/lib/gcc/x86_64-unknown-linux-gnu/4.8.2/../../../../lib/crtn.o] ==> ignore
  remove lib [gcc_s]
  remove lib [gcc]
  remove lib [gcc_s]
  remove lib [gcc]
  collapse library dir [/usr/lib/gcc/x86_64-unknown-linux-gnu/4.8.2] ==> [/usr/lib/gcc/x86_64-unknown-linux-gnu/4.8.2]
  collapse library dir [/usr/lib/gcc/x86_64-unknown-linux-gnu/4.8.2/../../../../lib] ==> [/usr/lib]
  collapse library dir [/lib/../lib] ==> [/lib]
  collapse library dir [/usr/lib/../lib] ==> [/usr/lib]
  collapse library dir [/usr/lib/gcc/x86_64-unknown-linux-gnu/4.8.2/../../..] ==> [/usr/lib]
  implicit libs: [stdc++;m;c]
  implicit dirs: [/usr/lib/gcc/x86_64-unknown-linux-gnu/4.8.2;/usr/lib;/lib]
  implicit fwks: []


Determining if the Q_WS_X11 exist passed with the following output:
Change Dir: /home/sl1pkn07/aplicaciones/phonon-mplayer-git/src/phonon-mplayer/CMakeFiles/CMakeTmp

Run Build Command:/usr/bin/make "cmTryCompileExec1795097657/fast"
/usr/bin/make -f CMakeFiles/cmTryCompileExec1795097657.dir/build.make CMakeFiles/cmTryCompileExec1795097657.dir/build
make[1]: Entering directory '/home/sl1pkn07/aplicaciones/phonon-mplayer-git/src/phonon-mplayer/CMakeFiles/CMakeTmp'
/usr/bin/cmake -E cmake_progress_report /home/sl1pkn07/aplicaciones/phonon-mplayer-git/src/phonon-mplayer/CMakeFiles/CMakeTmp/CMakeFiles 1
Building CXX object CMakeFiles/cmTryCompileExec1795097657.dir/CheckSymbolExists.cxx.o
/usr/bin/c++    -march=x86-64 -mtune=native -O2 -pipe -fstack-protector --param=ssp-buffer-size=4 -fPIC   -I/usr/include/qt4    -o CMakeFiles/cmTryCompileExec1795097657.dir/CheckSymbolExists.cxx.o -c /home/sl1pkn07/aplicaciones/phonon-mplayer-git/src/phonon-mplayer/CMakeFiles/CMakeTmp/CheckSymbolExists.cxx
Linking CXX executable cmTryCompileExec1795097657
/usr/bin/cmake -E cmake_link_script CMakeFiles/cmTryCompileExec1795097657.dir/link.txt --verbose=1
/usr/bin/c++   -march=x86-64 -mtune=native -O2 -pipe -fstack-protector --param=ssp-buffer-size=4 -fPIC     -Wl,-O1,--sort-common,--as-needed,-z,relro CMakeFiles/cmTryCompileExec1795097657.dir/CheckSymbolExists.cxx.o  -o cmTryCompileExec1795097657 -rdynamic 
make[1]: Leaving directory '/home/sl1pkn07/aplicaciones/phonon-mplayer-git/src/phonon-mplayer/CMakeFiles/CMakeTmp'

File /home/sl1pkn07/aplicaciones/phonon-mplayer-git/src/phonon-mplayer/CMakeFiles/CMakeTmp/CheckSymbolExists.cxx:
/* */
#include <QtCore/qglobal.h>

int main(int argc, char** argv)
{
  (void)argv;
#ifndef Q_WS_X11
  return ((int*)(&Q_WS_X11))[argc];
#else
  (void)argc;
  return 0;
#endif
}

